proguard/seeds.txt
com.stiggpwnz.vibes.HeadsetStateReceiver
com.stiggpwnz.vibes.HeadsetStateReceiver: HeadsetStateReceiver()
com.stiggpwnz.vibes.LoginActivity
com.stiggpwnz.vibes.LoginActivity: LoginActivity()
com.stiggpwnz.vibes.PlayerActivity
com.stiggpwnz.vibes.PlayerActivity: PlayerActivity()
com.stiggpwnz.vibes.PlayerActivity: void onClick(android.view.View)
com.stiggpwnz.vibes.PlayerService
com.stiggpwnz.vibes.PlayerService: PlayerService()
com.stiggpwnz.vibes.PreferencesActivity
com.stiggpwnz.vibes.PreferencesActivity: PreferencesActivity()
com.stiggpwnz.vibes.R$anim: int cycle
com.stiggpwnz.vibes.R$anim: int shake
com.stiggpwnz.vibes.R$anim: int shake_right
com.stiggpwnz.vibes.R$array: int audios_options
com.stiggpwnz.vibes.R$array: int playlist_options
com.stiggpwnz.vibes.R$array: int unit_options
com.stiggpwnz.vibes.R$array: int wall_options
com.stiggpwnz.vibes.R$color: int black
com.stiggpwnz.vibes.R$color: int dark_silver
com.stiggpwnz.vibes.R$color: int grey
com.stiggpwnz.vibes.R$color: int normal
com.stiggpwnz.vibes.R$color: int pressed
com.stiggpwnz.vibes.R$color: int red
com.stiggpwnz.vibes.R$color: int red_dark
com.stiggpwnz.vibes.R$color: int silver
com.stiggpwnz.vibes.R$color: int white
com.stiggpwnz.vibes.R$drawable: int back
com.stiggpwnz.vibes.R$drawable: int back_normal
com.stiggpwnz.vibes.R$drawable: int back_pressed
com.stiggpwnz.vibes.R$drawable: int btn_rect
com.stiggpwnz.vibes.R$drawable: int btn_rect_red
com.stiggpwnz.vibes.R$drawable: int forward
com.stiggpwnz.vibes.R$drawable: int forward_normal
com.stiggpwnz.vibes.R$drawable: int forward_pressed
com.stiggpwnz.vibes.R$drawable: int fwd
com.stiggpwnz.vibes.R$drawable: int fwd_normal
com.stiggpwnz.vibes.R$drawable: int fwd_pressed
com.stiggpwnz.vibes.R$drawable: int ic_action_search
com.stiggpwnz.vibes.R$drawable: int ic_launcher
com.stiggpwnz.vibes.R$drawable: int icon
com.stiggpwnz.vibes.R$drawable: int last_fm
com.stiggpwnz.vibes.R$drawable: int last_fm_logo
com.stiggpwnz.vibes.R$drawable: int last_fm_menu
com.stiggpwnz.vibes.R$drawable: int love_blue
com.stiggpwnz.vibes.R$drawable: int love_grey
com.stiggpwnz.vibes.R$drawable: int music
com.stiggpwnz.vibes.R$drawable: int next_normal
com.stiggpwnz.vibes.R$drawable: int next_pressed
com.stiggpwnz.vibes.R$drawable: int pause
com.stiggpwnz.vibes.R$drawable: int pause_normal
com.stiggpwnz.vibes.R$drawable: int pause_pressed
com.stiggpwnz.vibes.R$drawable: int photo_placeholder
com.stiggpwnz.vibes.R$drawable: int play
com.stiggpwnz.vibes.R$drawable: int play_normal
com.stiggpwnz.vibes.R$drawable: int play_pressed
com.stiggpwnz.vibes.R$drawable: int playlist
com.stiggpwnz.vibes.R$drawable: int playlist_normal
...
android.support.v4.app.BackStackState
android.support.v4.app.BackStackState: android.os.Parcelable$Creator CREATOR
android.support.v4.app.Fragment$SavedState
android.support.v4.app.Fragment$SavedState: android.os.Parcelable$Creator CREATOR
android.support.v4.app.FragmentManagerState
android.support.v4.app.FragmentManagerState: android.os.Parcelable$Creator CREATOR
android.support.v4.app.FragmentState
android.support.v4.app.FragmentState: android.os.Parcelable$Creator CREATOR
android.support.v4.content.ModernAsyncTask$Status: android.support.v4.content.ModernAsyncTask$Status[] values()
android.support.v4.content.ModernAsyncTask$Status: android.support.v4.content.ModernAsyncTask$Status valueOf(java.lang.String)
android.support.v4.view.PagerTabStrip: void setTabIndicatorColor(int)
android.support.v4.view.PagerTabStrip: void setTabIndicatorColorResource(int)
android.support.v4.view.PagerTabStrip: int getTabIndicatorColor()
android.support.v4.view.PagerTabStrip: void setTextSpacing(int)
android.support.v4.view.PagerTabStrip: void setBackgroundDrawable(android.graphics.drawable.Drawable)
android.support.v4.view.PagerTabStrip: void setBackgroundColor(int)
android.support.v4.view.PagerTabStrip: void setBackgroundResource(int)
android.support.v4.view.PagerTabStrip: void setDrawFullUnderline(boolean)
android.support.v4.view.PagerTabStrip: boolean getDrawFullUnderline()
android.support.v4.view.PagerTabStrip: int getMinHeight()
android.support.v4.view.PagerTitleStrip: void setSingleLineAllCaps(android.widget.TextView)
android.support.v4.view.PagerTitleStrip: void setTextSpacing(int)
android.support.v4.view.PagerTitleStrip: int getTextSpacing()
android.support.v4.view.PagerTitleStrip: void setNonPrimaryAlpha(float)
android.support.v4.view.PagerTitleStrip: void setTextColor(int)
android.support.v4.view.PagerTitleStrip: void setGravity(int)
android.support.v4.view.PagerTitleStrip: int getMinHeight()
android.support.v4.view.ViewPager
android.support.v4.view.ViewPager: ViewPager(android.content.Context)
android.support.v4.view.ViewPager: ViewPager(android.content.Context,android.util.AttributeSet)
android.support.v4.view.ViewPager: void setScrollState(int)
android.support.v4.view.ViewPager: void setAdapter(android.support.v4.view.PagerAdapter)
android.support.v4.view.ViewPager: android.support.v4.view.PagerAdapter getAdapter()
android.support.v4.view.ViewPager: void setOnAdapterChangeListener(android.support.v4.view.ViewPager$OnAdapterChangeListener)
android.support.v4.view.ViewPager: void setCurrentItem(int)
android.support.v4.view.ViewPager: int getCurrentItem()
android.support.v4.view.ViewPager: void setOnPageChangeListener(android.support.v4.view.ViewPager$OnPageChangeListener)
android.support.v4.view.ViewPager: int getOffscreenPageLimit()
android.support.v4.view.ViewPager: void setOffscreenPageLimit(int)
android.support.v4.view.ViewPager: void setPageMargin(int)
android.support.v4.view.ViewPager: int getPageMargin()
android.support.v4.view.ViewPager: void setPageMarginDrawable(android.graphics.drawable.Drawable)
android.support.v4.view.ViewPager: void setPageMarginDrawable(int)
android.support.v4.view.ViewPager: void setScrollingCacheEnabled(boolean)
android.support.v4.view.ViewPager$SavedState
android.support.v4.view.ViewPager$SavedState: android.os.Parcelable$Creator CREATOR
org.jsoup.Connection$Method: org.jsoup.Connection$Method[] values()
org.jsoup.Connection$Method: org.jsoup.Connection$Method valueOf(java.lang.String)
org.jsoup.nodes.Document$QuirksMode: org.jsoup.nodes.Document$QuirksMode[] values()
org.jsoup.nodes.Document$QuirksMode: org.jsoup.nodes.Document$QuirksMode valueOf(java.lang.String)
org.jsoup.nodes.Entities$EscapeMode: org.jsoup.nodes.Entities$EscapeMode[] values()
org.jsoup.nodes.Entities$EscapeMode: org.jsoup.nodes.Entities$EscapeMode valueOf(java.lang.String)