proguard/mapping.txt
com.stiggpwnz.vibes.Album -> com.stiggpwnz.vibes.a:
    int id -> a
    java.lang.String name -> b
com.stiggpwnz.vibes.AlbumsAdapter -> com.stiggpwnz.vibes.b:
    java.util.List albums -> a
    android.view.LayoutInflater inflater -> b
    android.graphics.Typeface typeface -> c
    void setAlbums(java.util.List) -> a
    int getCount() -> getCount
    com.stiggpwnz.vibes.Album getItem(int) -> a
    long getItemId(int) -> getItemId
    android.view.View getView(int,android.view.View,android.view.ViewGroup) -> getView
    java.lang.Object getItem(int) -> getItem
com.stiggpwnz.vibes.Api -> com.stiggpwnz.vibes.c:
    java.util.List imageRequestQueue -> a
    java.util.List audioUrlRequests -> b
    org.apache.http.client.HttpClient client -> c
    java.lang.String executeURL(java.net.URI) -> a
    java.lang.String md5(java.lang.String) -> a
com.stiggpwnz.vibes.FileCache -> com.stiggpwnz.vibes.d:
    java.io.File cacheDir -> a
    java.io.File getFile(java.lang.String) -> a
    void clear() -> a
com.stiggpwnz.vibes.HeadsetStateReceiver -> com.stiggpwnz.vibes.HeadsetStateReceiver:
    void onReceive(android.content.Context,android.content.Intent) -> onReceive
com.stiggpwnz.vibes.ImageLoader -> com.stiggpwnz.vibes.e:
    com.stiggpwnz.vibes.MemoryCache memoryCache -> a
    com.stiggpwnz.vibes.FileCache fileCache -> b
    java.util.Map imageViews -> c
    java.util.concurrent.ExecutorService executorService -> d
    int stub_id -> e
    int getStubId() -> a
    void setStubId(int) -> a
    void displayImage(java.lang.String,android.widget.ImageView) -> a
    void queuePhoto(java.lang.String,android.widget.ImageView) -> b
    void copyStream(java.io.InputStream,java.io.OutputStream) -> a
    android.graphics.Bitmap getBitmap(java.lang.String) -> a
    android.graphics.Bitmap decodeFile(java.io.File) -> a
    boolean imageViewReused(com.stiggpwnz.vibes.ImageLoader$PhotoToLoad) -> a
    com.stiggpwnz.vibes.MemoryCache getMemoryCache() -> b
    android.graphics.Bitmap access$0(com.stiggpwnz.vibes.ImageLoader,java.lang.String) -> a
    com.stiggpwnz.vibes.MemoryCache access$1(com.stiggpwnz.vibes.ImageLoader) -> a
    int access$2(com.stiggpwnz.vibes.ImageLoader) -> b
com.stiggpwnz.vibes.ImageLoader$BitmapDisplayer -> com.stiggpwnz.vibes.f:
    android.graphics.Bitmap bitmap -> a
    com.stiggpwnz.vibes.ImageLoader$PhotoToLoad photoToLoad -> b
    com.stiggpwnz.vibes.ImageLoader this$0 -> c
    void run() -> run
com.stiggpwnz.vibes.ImageLoader$PhotoToLoad -> com.stiggpwnz.vibes.g:
    java.lang.String url -> a
    android.widget.ImageView imageView -> b
    com.stiggpwnz.vibes.ImageLoader this$0 -> c
com.stiggpwnz.vibes.ImageLoader$PhotosLoader -> com.stiggpwnz.vibes.h:
    com.stiggpwnz.vibes.ImageLoader$PhotoToLoad photoToLoad -> a
    com.stiggpwnz.vibes.ImageLoader this$0 -> b
    void run() -> run
com.stiggpwnz.vibes.LastFM -> com.stiggpwnz.vibes.i:
    javax.xml.parsers.DocumentBuilder builder -> d
    java.lang.String session -> e
    int density -> f
    java.util.Map cache -> g
    java.util.Map getCache() -> a
    boolean love(com.stiggpwnz.vibes.Song) -> a
    boolean unlove(com.stiggpwnz.vibes.Song) -> b
    boolean updateNowPlaying(com.stiggpwnz.vibes.Song) -> c
    boolean scrobble(com.stiggpwnz.vibes.Song,long) -> a
    java.lang.String[] auth(java.lang.String,java.lang.String) -> a
    java.lang.String getUserImageURL(java.lang.String) -> b
    java.lang.String getAlbumImageURL(java.lang.String,java.lang.String) -> b
    org.w3c.dom.Element execute(java.net.URI) -> b
    java.lang.String authToken(java.lang.String,java.lang.String) -> c
    java.lang.String authApiSig(java.lang.String,java.lang.String) -> d
...
android.support.v4.view.VelocityTrackerCompat$BaseVelocityTrackerVersionImpl -> android.support.v4.view.z:
    float getXVelocity(android.view.VelocityTracker,int) -> a
android.support.v4.view.VelocityTrackerCompat$HoneycombVelocityTrackerVersionImpl -> android.support.v4.view.aa:
    float getXVelocity(android.view.VelocityTracker,int) -> a
android.support.v4.view.VelocityTrackerCompat$VelocityTrackerVersionImpl -> android.support.v4.view.ab:
    float getXVelocity(android.view.VelocityTracker,int) -> a
android.support.v4.view.VelocityTrackerCompatHoneycomb -> android.support.v4.view.ac:
    float getXVelocity(android.view.VelocityTracker,int) -> a
android.support.v4.view.ViewCompat -> android.support.v4.view.ad:
    android.support.v4.view.ViewCompat$ViewCompatImpl IMPL -> a
    boolean canScrollHorizontally(android.view.View,int) -> a
    int getOverScrollMode(android.view.View) -> a
    void setAccessibilityDelegate(android.view.View,android.support.v4.view.AccessibilityDelegateCompat) -> a
    void postInvalidateOnAnimation(android.view.View) -> b
    int getImportantForAccessibility(android.view.View) -> c
    void setImportantForAccessibility(android.view.View,int) -> b
android.support.v4.view.ViewCompat$BaseViewCompatImpl -> android.support.v4.view.ae:
    boolean canScrollHorizontally(android.view.View,int) -> a
    int getOverScrollMode(android.view.View) -> a
    void setAccessibilityDelegate(android.view.View,android.support.v4.view.AccessibilityDelegateCompat) -> a
    void postInvalidateOnAnimation(android.view.View) -> b
    long getFrameTime() -> a
    int getImportantForAccessibility(android.view.View) -> c
    void setImportantForAccessibility(android.view.View,int) -> b
android.support.v4.view.ViewCompat$GBViewCompatImpl -> android.support.v4.view.af:
    int getOverScrollMode(android.view.View) -> a
android.support.v4.view.ViewCompat$HCViewCompatImpl -> android.support.v4.view.ag:
    long getFrameTime() -> a
android.support.v4.view.ViewCompat$ICSViewCompatImpl -> android.support.v4.view.ah:
    boolean canScrollHorizontally(android.view.View,int) -> a
    void setAccessibilityDelegate(android.view.View,android.support.v4.view.AccessibilityDelegateCompat) -> a
android.support.v4.view.ViewCompat$JBViewCompatImpl -> android.support.v4.view.ai:
    void postInvalidateOnAnimation(android.view.View) -> b
    int getImportantForAccessibility(android.view.View) -> c
    void setImportantForAccessibility(android.view.View,int) -> b
android.support.v4.view.ViewCompat$ViewCompatImpl -> android.support.v4.view.aj:
    boolean canScrollHorizontally(android.view.View,int) -> a
    int getOverScrollMode(android.view.View) -> a
    void setAccessibilityDelegate(android.view.View,android.support.v4.view.AccessibilityDelegateCompat) -> a
    void postInvalidateOnAnimation(android.view.View) -> b
    int getImportantForAccessibility(android.view.View) -> c
    void setImportantForAccessibility(android.view.View,int) -> b
android.support.v4.view.ViewCompatGingerbread -> android.support.v4.view.ak:
    int getOverScrollMode(android.view.View) -> a
android.support.v4.view.ViewCompatHC -> android.support.v4.view.al:
    long getFrameTime() -> a
android.support.v4.view.ViewCompatICS -> android.support.v4.view.am:
    boolean canScrollHorizontally(android.view.View,int) -> a
    void setAccessibilityDelegate(android.view.View,java.lang.Object) -> a
android.support.v4.view.ViewCompatJB -> android.support.v4.view.an:
    void postInvalidateOnAnimation(android.view.View) -> a
    int getImportantForAccessibility(android.view.View) -> b
    void setImportantForAccessibility(android.view.View,int) -> a
android.support.v4.view.ViewConfigurationCompat -> android.support.v4.view.ao:
    android.support.v4.view.ViewConfigurationCompat$ViewConfigurationVersionImpl IMPL -> a
    int getScaledPagingTouchSlop(android.view.ViewConfiguration) -> a