proguard/usage.txt
com.stiggpwnz.vibes.Api:
    protected static final java.lang.String TRACK_GET_INFO
    protected static final java.lang.String AUDIO_GET_BY_ID
    private static final java.lang.String UTF_8
    private static final java.lang.String MD5
com.stiggpwnz.vibes.BuildConfig
com.stiggpwnz.vibes.FileCache:
    40:40:public boolean isEmpty()
com.stiggpwnz.vibes.HeadsetStateReceiver:
    public static final java.lang.String STATE
com.stiggpwnz.vibes.ImageLoader:
    181:183:public void clearCache()
    190:191:public void setMemoryCache(com.stiggpwnz.vibes.MemoryCache)
    194:194:public com.stiggpwnz.vibes.FileCache getFileCache()
    198:199:public void setFileCache(com.stiggpwnz.vibes.FileCache)
com.stiggpwnz.vibes.LastFM:
    private static final java.lang.String API_KEY
    private static final java.lang.String API_SECRET
    private static final java.lang.String API_SCHEME
    private static final java.lang.String API_AUTHORITY
    private static final java.lang.String API_PATH
    private static final java.lang.String AUTH_GET_MOBILE_SESSION
    private static final java.lang.String TRACK_UNLOVE
    private static final java.lang.String TRACK_LOVE
    private static final java.lang.String TRACK_SCROBBLE
    private static final java.lang.String TRACK_UPDATE_NOW_PLAYING
    private static final java.lang.String USER_GET_INFO
    private static final java.lang.String TIMESTAMP
    private static final java.lang.String USERNAME
    private static final java.lang.String API_KEY_STRING
    private static final java.lang.String TRACK
    private static final java.lang.String AUTOCORRECT
    private static final java.lang.String AUTH_TOKEN
    private static final java.lang.String API_SIGNATURE
    private static final java.lang.String USER
    private static final java.lang.String SESSION_KEY
    private static final java.lang.String METHOD
    private static final java.lang.String OK
    private static final java.lang.String STATUS
    private static final java.lang.String KEY
    private static final java.lang.String SESSION
    private static final java.lang.String IMAGE
    private static final java.lang.String ALBUM
    private static final java.lang.String NAME
com.stiggpwnz.vibes.LoginActivity:
    public static final java.lang.String RESET
    private static final java.lang.String SCOPE
    private static final java.lang.String AUTH_URL
    private static final java.lang.String CALLBACK_URL
    private static final int DIALOG_BROWSER
com.stiggpwnz.vibes.MemoryCache:
    private static final java.lang.String TAG
com.stiggpwnz.vibes.PlayerActivity:
    public static final int SEARCH
    public static final int FRIENDS
    public static final int GROUPS
    public static final int MY_AUDIOS
    public static final int WALL
    public static final int NEWSFEED
    public static final int ALBUMS
    private static final int DIALOG_LAST_FM_AUTH
    private static final int DIALOG_SIGNING_IN
    private static final int DIALOG_LAST_FM_USER
    private static final int DIALOG_PLAYLISTS
    private static final int DIALOG_SEARCH
    private static final int DIALOG_UNITS
    private static final int DIALOG_UNIT
    private static final int DIALOG_ALBUMS
...
android.support.v4.app.ShareCompat
android.support.v4.app.ShareCompat$IntentBuilder
android.support.v4.app.ShareCompat$IntentReader
android.support.v4.app.ShareCompat$ShareCompatImpl
android.support.v4.app.ShareCompat$ShareCompatImplBase
android.support.v4.app.ShareCompat$ShareCompatImplICS
android.support.v4.app.ShareCompat$ShareCompatImplJB
android.support.v4.app.ShareCompatICS
android.support.v4.app.ShareCompatJB
android.support.v4.app.TaskStackBuilder
android.support.v4.app.TaskStackBuilder$TaskStackBuilderImpl
android.support.v4.app.TaskStackBuilder$TaskStackBuilderImplBase
android.support.v4.app.TaskStackBuilder$TaskStackBuilderImplHoneycomb
android.support.v4.app.TaskStackBuilder$TaskStackBuilderImplJellybean
android.support.v4.app.TaskStackBuilderHoneycomb
android.support.v4.app.TaskStackBuilderJellybean
android.support.v4.content.AsyncTaskLoader
android.support.v4.content.AsyncTaskLoader$LoadTask
android.support.v4.content.ContextCompat
android.support.v4.content.ContextCompatHoneycomb
android.support.v4.content.ContextCompatJellybean
android.support.v4.content.CursorLoader
android.support.v4.content.IntentCompat
android.support.v4.content.Loader:
    android.content.Context mContext
    90:92:public Loader(android.content.Context)
    102:105:public void deliverResult(java.lang.Object)
    111:111:public android.content.Context getContext()
    118:118:public int getId()
    157:157:public boolean isStarted()
    166:166:public boolean isAbandoned()
    175:175:public boolean isReset()
    217:218:public void forceLoad()
    225:225:protected void onForceLoad()
    261:263:public void abandon()
    275:275:protected void onAbandon()
    312:314:public boolean takeContentChanged()
    326:334:public void onContentChanged()
android.support.v4.content.Loader$ForceLoadContentObserver
android.support.v4.content.Loader$OnLoadCompleteListener:
    public abstract void onLoadComplete(android.support.v4.content.Loader,java.lang.Object)
android.support.v4.content.LocalBroadcastManager
android.support.v4.content.LocalBroadcastManager$1
android.support.v4.content.LocalBroadcastManager$BroadcastRecord
android.support.v4.content.LocalBroadcastManager$ReceiverRecord
android.support.v4.content.ModernAsyncTask
android.support.v4.content.ModernAsyncTask$1
android.support.v4.content.ModernAsyncTask$2
android.support.v4.content.ModernAsyncTask$3
android.support.v4.content.ModernAsyncTask$4
android.support.v4.content.ModernAsyncTask$AsyncTaskResult
android.support.v4.content.ModernAsyncTask$InternalHandler
android.support.v4.content.ModernAsyncTask$Status
android.support.v4.content.ModernAsyncTask$WorkerRunnable
android.support.v4.content.pm.ActivityInfoCompat
android.support.v4.database.DatabaseUtilsCompat
android.support.v4.net.ConnectivityManagerCompat
android.support.v4.net.ConnectivityManagerCompat$BaseConnectivityManagerCompatImpl
android.support.v4.net.ConnectivityManagerCompat$ConnectivityManagerCompatImpl
android.support.v4.net.ConnectivityManagerCompat$GingerbreadConnectivityManagerCompatImpl
android.support.v4.net.ConnectivityManagerCompat$HoneycombMR2ConnectivityManagerCompatImpl
android.support.v4.net.ConnectivityManagerCompat$JellyBeanConnectivityManagerCompatImpl
android.support.v4.net.ConnectivityManagerCompatGingerbread
android.support.v4.net.ConnectivityManagerCompatHoneycombMR2
android.support.v4.net.ConnectivityManagerCompatJellyBean
android.support.v4.net.TrafficStatsCompat
android.support.v4.net.TrafficStatsCompat$1
android.support.v4.net.TrafficStatsCompat$BaseTrafficStatsCompatImpl
android.support.v4.net.TrafficStatsCompat$BaseTrafficStatsCompatImpl$1
android.support.v4.net.TrafficStatsCompat$BaseTrafficStatsCompatImpl$SocketTags
android.support.v4.net.TrafficStatsCompat$IcsTrafficStatsCompatImpl
android.support.v4.net.TrafficStatsCompat$TrafficStatsCompatImpl
android.support.v4.net.TrafficStatsCompatIcs
android.support.v4.os.ParcelableCompat:
    26:42:public ParcelableCompat()